{"/Users/binodbhusal/Desktop/Moviehub-Webapp/src/modules/store.js": {"path":"/Users/binodbhusal/Desktop/Moviehub-Webapp/src/modules/store.js","statementMap":{"0":{"start":{"line":3,"column":4},"end":{"line":3,"column":56}},"1":{"start":{"line":7,"column":4},"end":{"line":7,"column":60}},"2":{"start":{"line":7,"column":24},"end":{"line":7,"column":56}}},"fnMap":{"0":{"name":"(anonymous_0)","decl":{"start":{"line":2,"column":2},"end":{"line":2,"column":3}},"loc":{"start":{"line":2,"column":16},"end":{"line":4,"column":3}},"line":2},"1":{"name":"(anonymous_1)","decl":{"start":{"line":6,"column":2},"end":{"line":6,"column":3}},"loc":{"start":{"line":6,"column":14},"end":{"line":8,"column":3}},"line":6},"2":{"name":"(anonymous_2)","decl":{"start":{"line":7,"column":12},"end":{"line":7,"column":13}},"loc":{"start":{"line":7,"column":24},"end":{"line":7,"column":56}},"line":7}},"branchMap":{},"s":{"0":1,"1":0,"2":0},"f":{"0":1,"1":0,"2":0},"b":{},"_coverageSchema":"1a1c01bbd47fc00a2c39e90264f33305004495a9","hash":"8e008924ea84a76922339e561c6c56b301f6bfa5"}
,"/Users/binodbhusal/Desktop/Moviehub-Webapp/src/modules/comment/comment.js": {"path":"/Users/binodbhusal/Desktop/Moviehub-Webapp/src/modules/comment/comment.js","statementMap":{"0":{"start":{"line":3,"column":4},"end":{"line":3,"column":26}},"1":{"start":{"line":4,"column":4},"end":{"line":4,"column":29}},"2":{"start":{"line":5,"column":4},"end":{"line":5,"column":27}}},"fnMap":{"0":{"name":"(anonymous_0)","decl":{"start":{"line":2,"column":2},"end":{"line":2,"column":3}},"loc":{"start":{"line":2,"column":41},"end":{"line":6,"column":3}},"line":2}},"branchMap":{},"s":{"0":0,"1":0,"2":0},"f":{"0":0},"b":{},"_coverageSchema":"1a1c01bbd47fc00a2c39e90264f33305004495a9","hash":"fb8c3b68dd3d47255ae4184340f3c21b90b6f604"}
,"/Users/binodbhusal/Desktop/Moviehub-Webapp/src/modules/comments/commentApi.js": {"path":"/Users/binodbhusal/Desktop/Moviehub-Webapp/src/modules/comments/commentApi.js","statementMap":{"0":{"start":{"line":3,"column":16},"end":{"line":3,"column":85}},"1":{"start":{"line":7,"column":23},"end":{"line":7,"column":61}},"2":{"start":{"line":8,"column":24},"end":{"line":12,"column":5}},"3":{"start":{"line":14,"column":4},"end":{"line":31,"column":5}},"4":{"start":{"line":15,"column":23},"end":{"line":22,"column":8}},"5":{"start":{"line":24,"column":6},"end":{"line":28,"column":7}},"6":{"start":{"line":35,"column":21},"end":{"line":35,"column":109}},"7":{"start":{"line":36,"column":4},"end":{"line":38,"column":5}},"8":{"start":{"line":37,"column":6},"end":{"line":37,"column":50}},"9":{"start":{"line":39,"column":21},"end":{"line":39,"column":58}},"10":{"start":{"line":39,"column":55},"end":{"line":39,"column":57}},"11":{"start":{"line":40,"column":4},"end":{"line":42,"column":5}},"12":{"start":{"line":41,"column":6},"end":{"line":41,"column":47}},"13":{"start":{"line":43,"column":4},"end":{"line":43,"column":20}}},"fnMap":{"0":{"name":"(anonymous_0)","decl":{"start":{"line":6,"column":2},"end":{"line":6,"column":3}},"loc":{"start":{"line":6,"column":54},"end":{"line":32,"column":3}},"line":6},"1":{"name":"(anonymous_1)","decl":{"start":{"line":34,"column":2},"end":{"line":34,"column":3}},"loc":{"start":{"line":34,"column":35},"end":{"line":44,"column":3}},"line":34},"2":{"name":"(anonymous_2)","decl":{"start":{"line":39,"column":49},"end":{"line":39,"column":50}},"loc":{"start":{"line":39,"column":55},"end":{"line":39,"column":57}},"line":39}},"branchMap":{"0":{"loc":{"start":{"line":24,"column":6},"end":{"line":28,"column":7}},"type":"if","locations":[{"start":{"line":24,"column":6},"end":{"line":28,"column":7}},{"start":{"line":26,"column":13},"end":{"line":28,"column":7}}],"line":24},"1":{"loc":{"start":{"line":36,"column":4},"end":{"line":38,"column":5}},"type":"if","locations":[{"start":{"line":36,"column":4},"end":{"line":38,"column":5}},{"start":{},"end":{}}],"line":36},"2":{"loc":{"start":{"line":40,"column":4},"end":{"line":42,"column":5}},"type":"if","locations":[{"start":{"line":40,"column":4},"end":{"line":42,"column":5}},{"start":{},"end":{}}],"line":40}},"s":{"0":1,"1":0,"2":0,"3":0,"4":0,"5":0,"6":0,"7":0,"8":0,"9":0,"10":0,"11":0,"12":0,"13":0},"f":{"0":0,"1":0,"2":0},"b":{"0":[0,0],"1":[0,0],"2":[0,0]},"_coverageSchema":"1a1c01bbd47fc00a2c39e90264f33305004495a9","hash":"e4b1b1f52b3a00998cb9a11e44892a1e624d6b2c"}
,"/Users/binodbhusal/Desktop/Moviehub-Webapp/src/modules/show/commentPopup.js": {"path":"/Users/binodbhusal/Desktop/Moviehub-Webapp/src/modules/show/commentPopup.js","statementMap":{"0":{"start":{"line":7,"column":4},"end":{"line":7,"column":37}},"1":{"start":{"line":8,"column":4},"end":{"line":8,"column":29}},"2":{"start":{"line":9,"column":4},"end":{"line":9,"column":39}},"3":{"start":{"line":10,"column":4},"end":{"line":10,"column":26}},"4":{"start":{"line":11,"column":4},"end":{"line":11,"column":32}},"5":{"start":{"line":15,"column":24},"end":{"line":15,"column":53}},"6":{"start":{"line":17,"column":4},"end":{"line":19,"column":5}},"7":{"start":{"line":18,"column":6},"end":{"line":18,"column":85}},"8":{"start":{"line":22,"column":8},"end":{"line":22,"column":19}},"9":{"start":{"line":23,"column":4},"end":{"line":25,"column":5}},"10":{"start":{"line":24,"column":6},"end":{"line":24,"column":53}},"11":{"start":{"line":26,"column":27},"end":{"line":26,"column":56}},"12":{"start":{"line":27,"column":4},"end":{"line":27,"column":52}},"13":{"start":{"line":29,"column":4},"end":{"line":29,"column":50}},"14":{"start":{"line":30,"column":4},"end":{"line":30,"column":44}},"15":{"start":{"line":31,"column":4},"end":{"line":31,"column":37}},"16":{"start":{"line":32,"column":4},"end":{"line":32,"column":38}},"17":{"start":{"line":33,"column":4},"end":{"line":33,"column":54}},"18":{"start":{"line":34,"column":4},"end":{"line":34,"column":61}},"19":{"start":{"line":35,"column":4},"end":{"line":35,"column":41}},"20":{"start":{"line":37,"column":24},"end":{"line":37,"column":56}},"21":{"start":{"line":38,"column":4},"end":{"line":38,"column":46}},"22":{"start":{"line":39,"column":4},"end":{"line":39,"column":34}},"23":{"start":{"line":40,"column":4},"end":{"line":40,"column":44}},"24":{"start":{"line":42,"column":22},"end":{"line":42,"column":51}},"25":{"start":{"line":43,"column":4},"end":{"line":43,"column":33}},"26":{"start":{"line":44,"column":4},"end":{"line":44,"column":42}},"27":{"start":{"line":46,"column":21},"end":{"line":46,"column":49}},"28":{"start":{"line":47,"column":4},"end":{"line":47,"column":32}},"29":{"start":{"line":48,"column":4},"end":{"line":48,"column":41}},"30":{"start":{"line":50,"column":21},"end":{"line":50,"column":50}},"31":{"start":{"line":51,"column":4},"end":{"line":51,"column":40}},"32":{"start":{"line":52,"column":25},"end":{"line":52,"column":53}},"33":{"start":{"line":53,"column":4},"end":{"line":53,"column":55}},"34":{"start":{"line":54,"column":4},"end":{"line":54,"column":39}},"35":{"start":{"line":56,"column":23},"end":{"line":56,"column":51}},"36":{"start":{"line":57,"column":4},"end":{"line":57,"column":49}},"37":{"start":{"line":58,"column":4},"end":{"line":58,"column":37}},"38":{"start":{"line":60,"column":25},"end":{"line":60,"column":53}},"39":{"start":{"line":61,"column":4},"end":{"line":61,"column":80}},"40":{"start":{"line":62,"column":4},"end":{"line":62,"column":39}},"41":{"start":{"line":63,"column":4},"end":{"line":63,"column":41}},"42":{"start":{"line":64,"column":30},"end":{"line":64,"column":59}},"43":{"start":{"line":65,"column":4},"end":{"line":65,"column":58}},"44":{"start":{"line":66,"column":4},"end":{"line":66,"column":50}},"45":{"start":{"line":67,"column":18},"end":{"line":67,"column":46}},"46":{"start":{"line":68,"column":4},"end":{"line":68,"column":40}},"47":{"start":{"line":69,"column":4},"end":{"line":69,"column":38}},"48":{"start":{"line":70,"column":4},"end":{"line":70,"column":53}},"49":{"start":{"line":71,"column":4},"end":{"line":71,"column":33}},"50":{"start":{"line":72,"column":4},"end":{"line":72,"column":45}},"51":{"start":{"line":73,"column":4},"end":{"line":73,"column":47}},"52":{"start":{"line":75,"column":4},"end":{"line":75,"column":62}},"53":{"start":{"line":76,"column":4},"end":{"line":76,"column":55}},"54":{"start":{"line":77,"column":4},"end":{"line":77,"column":53}},"55":{"start":{"line":79,"column":25},"end":{"line":79,"column":57}},"56":{"start":{"line":80,"column":4},"end":{"line":80,"column":48}},"57":{"start":{"line":81,"column":4},"end":{"line":81,"column":41}},"58":{"start":{"line":82,"column":4},"end":{"line":82,"column":67}},"59":{"start":{"line":84,"column":4},"end":{"line":84,"column":45}},"60":{"start":{"line":86,"column":4},"end":{"line":86,"column":46}},"61":{"start":{"line":87,"column":4},"end":{"line":87,"column":27}},"62":{"start":{"line":91,"column":4},"end":{"line":100,"column":5}},"63":{"start":{"line":92,"column":20},"end":{"line":92,"column":42}},"64":{"start":{"line":93,"column":27},"end":{"line":93,"column":94}},"65":{"start":{"line":93,"column":48},"end":{"line":93,"column":93}},"66":{"start":{"line":94,"column":6},"end":{"line":96,"column":7}},"67":{"start":{"line":95,"column":8},"end":{"line":95,"column":79}},"68":{"start":{"line":97,"column":6},"end":{"line":97,"column":26}},"69":{"start":{"line":99,"column":6},"end":{"line":99,"column":57}},"70":{"start":{"line":103,"column":19},"end":{"line":110,"column":3}},"71":{"start":{"line":104,"column":21},"end":{"line":104,"column":68}},"72":{"start":{"line":106,"column":29},"end":{"line":106,"column":107}},"73":{"start":{"line":106,"column":58},"end":{"line":106,"column":106}},"74":{"start":{"line":108,"column":25},"end":{"line":108,"column":48}},"75":{"start":{"line":109,"column":4},"end":{"line":109,"column":24}},"76":{"start":{"line":112,"column":20},"end":{"line":137,"column":3}},"77":{"start":{"line":113,"column":30},"end":{"line":113,"column":75}},"78":{"start":{"line":114,"column":4},"end":{"line":114,"column":37}},"79":{"start":{"line":116,"column":21},"end":{"line":116,"column":68}},"80":{"start":{"line":118,"column":25},"end":{"line":118,"column":52}},"81":{"start":{"line":119,"column":26},"end":{"line":119,"column":54}},"82":{"start":{"line":120,"column":4},"end":{"line":120,"column":69}},"83":{"start":{"line":121,"column":4},"end":{"line":121,"column":49}},"84":{"start":{"line":122,"column":4},"end":{"line":122,"column":26}},"85":{"start":{"line":124,"column":4},"end":{"line":126,"column":5}},"86":{"start":{"line":125,"column":6},"end":{"line":125,"column":79}},"87":{"start":{"line":127,"column":30},"end":{"line":127,"column":58}},"88":{"start":{"line":129,"column":4},"end":{"line":136,"column":7}},"89":{"start":{"line":130,"column":6},"end":{"line":132,"column":7}},"90":{"start":{"line":131,"column":8},"end":{"line":131,"column":15}},"91":{"start":{"line":133,"column":29},"end":{"line":133,"column":56}},"92":{"start":{"line":134,"column":6},"end":{"line":134,"column":106}},"93":{"start":{"line":135,"column":6},"end":{"line":135,"column":52}},"94":{"start":{"line":140,"column":21},"end":{"line":140,"column":41}},"95":{"start":{"line":141,"column":24},"end":{"line":141,"column":50}},"96":{"start":{"line":142,"column":4},"end":{"line":144,"column":5}},"97":{"start":{"line":143,"column":6},"end":{"line":143,"column":52}},"98":{"start":{"line":145,"column":20},"end":{"line":145,"column":73}},"99":{"start":{"line":146,"column":4},"end":{"line":146,"column":85}},"100":{"start":{"line":147,"column":4},"end":{"line":147,"column":27}},"101":{"start":{"line":148,"column":4},"end":{"line":148,"column":30}},"102":{"start":{"line":149,"column":4},"end":{"line":149,"column":36}}},"fnMap":{"0":{"name":"(anonymous_0)","decl":{"start":{"line":6,"column":2},"end":{"line":6,"column":3}},"loc":{"start":{"line":6,"column":28},"end":{"line":12,"column":3}},"line":6},"1":{"name":"(anonymous_1)","decl":{"start":{"line":14,"column":2},"end":{"line":14,"column":3}},"loc":{"start":{"line":14,"column":20},"end":{"line":88,"column":3}},"line":14},"2":{"name":"(anonymous_2)","decl":{"start":{"line":90,"column":2},"end":{"line":90,"column":3}},"loc":{"start":{"line":90,"column":27},"end":{"line":101,"column":3}},"line":90},"3":{"name":"(anonymous_3)","decl":{"start":{"line":93,"column":38},"end":{"line":93,"column":39}},"loc":{"start":{"line":93,"column":48},"end":{"line":93,"column":93}},"line":93},"4":{"name":"(anonymous_4)","decl":{"start":{"line":103,"column":19},"end":{"line":103,"column":20}},"loc":{"start":{"line":103,"column":31},"end":{"line":110,"column":3}},"line":103},"5":{"name":"(anonymous_5)","decl":{"start":{"line":106,"column":45},"end":{"line":106,"column":46}},"loc":{"start":{"line":106,"column":58},"end":{"line":106,"column":106}},"line":106},"6":{"name":"(anonymous_6)","decl":{"start":{"line":112,"column":20},"end":{"line":112,"column":21}},"loc":{"start":{"line":112,"column":32},"end":{"line":137,"column":3}},"line":112},"7":{"name":"(anonymous_7)","decl":{"start":{"line":129,"column":30},"end":{"line":129,"column":31}},"loc":{"start":{"line":129,"column":43},"end":{"line":136,"column":5}},"line":129},"8":{"name":"(anonymous_8)","decl":{"start":{"line":139,"column":2},"end":{"line":139,"column":3}},"loc":{"start":{"line":139,"column":17},"end":{"line":150,"column":3}},"line":139}},"branchMap":{"0":{"loc":{"start":{"line":17,"column":4},"end":{"line":19,"column":5}},"type":"if","locations":[{"start":{"line":17,"column":4},"end":{"line":19,"column":5}},{"start":{},"end":{}}],"line":17},"1":{"loc":{"start":{"line":17,"column":8},"end":{"line":17,"column":63}},"type":"binary-expr","locations":[{"start":{"line":17,"column":8},"end":{"line":17,"column":20}},{"start":{"line":17,"column":24},"end":{"line":17,"column":42}},{"start":{"line":17,"column":46},"end":{"line":17,"column":63}}],"line":17},"2":{"loc":{"start":{"line":23,"column":4},"end":{"line":25,"column":5}},"type":"if","locations":[{"start":{"line":23,"column":4},"end":{"line":25,"column":5}},{"start":{},"end":{}}],"line":23},"3":{"loc":{"start":{"line":23,"column":8},"end":{"line":23,"column":23}},"type":"binary-expr","locations":[{"start":{"line":23,"column":8},"end":{"line":23,"column":13}},{"start":{"line":23,"column":17},"end":{"line":23,"column":23}}],"line":23},"4":{"loc":{"start":{"line":94,"column":6},"end":{"line":96,"column":7}},"type":"if","locations":[{"start":{"line":94,"column":6},"end":{"line":96,"column":7}},{"start":{},"end":{}}],"line":94},"5":{"loc":{"start":{"line":94,"column":10},"end":{"line":94,"column":46}},"type":"binary-expr","locations":[{"start":{"line":94,"column":10},"end":{"line":94,"column":23}},{"start":{"line":94,"column":27},"end":{"line":94,"column":46}}],"line":94},"6":{"loc":{"start":{"line":106,"column":58},"end":{"line":106,"column":106}},"type":"binary-expr","locations":[{"start":{"line":106,"column":58},"end":{"line":106,"column":73}},{"start":{"line":106,"column":77},"end":{"line":106,"column":106}}],"line":106},"7":{"loc":{"start":{"line":124,"column":4},"end":{"line":126,"column":5}},"type":"if","locations":[{"start":{"line":124,"column":4},"end":{"line":126,"column":5}},{"start":{},"end":{}}],"line":124},"8":{"loc":{"start":{"line":130,"column":6},"end":{"line":132,"column":7}},"type":"if","locations":[{"start":{"line":130,"column":6},"end":{"line":132,"column":7}},{"start":{},"end":{}}],"line":130},"9":{"loc":{"start":{"line":130,"column":10},"end":{"line":130,"column":59}},"type":"binary-expr","locations":[{"start":{"line":130,"column":10},"end":{"line":130,"column":26}},{"start":{"line":130,"column":30},"end":{"line":130,"column":59}}],"line":130},"10":{"loc":{"start":{"line":142,"column":4},"end":{"line":144,"column":5}},"type":"if","locations":[{"start":{"line":142,"column":4},"end":{"line":144,"column":5}},{"start":{},"end":{}}],"line":142},"11":{"loc":{"start":{"line":142,"column":8},"end":{"line":142,"column":33}},"type":"binary-expr","locations":[{"start":{"line":142,"column":8},"end":{"line":142,"column":17}},{"start":{"line":142,"column":21},"end":{"line":142,"column":33}}],"line":142}},"s":{"0":1,"1":1,"2":1,"3":1,"4":1,"5":0,"6":0,"7":0,"8":0,"9":0,"10":0,"11":0,"12":0,"13":0,"14":0,"15":0,"16":0,"17":0,"18":0,"19":0,"20":0,"21":0,"22":0,"23":0,"24":0,"25":0,"26":0,"27":0,"28":0,"29":0,"30":0,"31":0,"32":0,"33":0,"34":0,"35":0,"36":0,"37":0,"38":0,"39":0,"40":0,"41":0,"42":0,"43":0,"44":0,"45":0,"46":0,"47":0,"48":0,"49":0,"50":0,"51":0,"52":0,"53":0,"54":0,"55":0,"56":0,"57":0,"58":0,"59":0,"60":0,"61":0,"62":0,"63":0,"64":0,"65":0,"66":0,"67":0,"68":0,"69":0,"70":1,"71":3,"72":3,"73":0,"74":3,"75":3,"76":1,"77":1,"78":1,"79":1,"80":1,"81":1,"82":1,"83":1,"84":1,"85":1,"86":0,"87":1,"88":1,"89":0,"90":0,"91":0,"92":0,"93":0,"94":0,"95":0,"96":0,"97":0,"98":0,"99":0,"100":0,"101":0,"102":0},"f":{"0":1,"1":0,"2":0,"3":0,"4":3,"5":0,"6":1,"7":0,"8":0},"b":{"0":[0,0],"1":[0,0,0],"2":[0,0],"3":[0,0],"4":[0,0],"5":[0,0],"6":[0,0],"7":[0,1],"8":[0,0],"9":[0,0],"10":[0,0],"11":[0,0]},"_coverageSchema":"1a1c01bbd47fc00a2c39e90264f33305004495a9","hash":"7216731e91f03497de4aa49bf8d77639222ca602"}
}
