TN:
SF:src/modules/store.js
FN:2,(anonymous_0)
FN:6,(anonymous_1)
FN:7,(anonymous_2)
FNF:3
FNH:1
FNDA:1,(anonymous_0)
FNDA:0,(anonymous_1)
FNDA:0,(anonymous_2)
DA:3,1
DA:7,0
LF:2
LH:1
BRF:0
BRH:0
end_of_record
TN:
SF:src/modules/comment/comment.js
FN:2,(anonymous_0)
FNF:1
FNH:0
FNDA:0,(anonymous_0)
DA:3,0
DA:4,0
DA:5,0
LF:3
LH:0
BRF:0
BRH:0
end_of_record
TN:
SF:src/modules/comments/commentApi.js
FN:6,(anonymous_0)
FN:34,(anonymous_1)
FN:39,(anonymous_2)
FNF:3
FNH:0
FNDA:0,(anonymous_0)
FNDA:0,(anonymous_1)
FNDA:0,(anonymous_2)
DA:3,1
DA:7,0
DA:8,0
DA:14,0
DA:15,0
DA:24,0
DA:35,0
DA:36,0
DA:37,0
DA:39,0
DA:40,0
DA:41,0
DA:43,0
LF:13
LH:1
BRDA:24,0,0,0
BRDA:24,0,1,0
BRDA:36,1,0,0
BRDA:36,1,1,0
BRDA:40,2,0,0
BRDA:40,2,1,0
BRF:6
BRH:0
end_of_record
TN:
SF:src/modules/show/commentPopup.js
FN:6,(anonymous_0)
FN:14,(anonymous_1)
FN:90,(anonymous_2)
FN:93,(anonymous_3)
FN:103,(anonymous_4)
FN:106,(anonymous_5)
FN:113,(anonymous_6)
FN:130,(anonymous_7)
FN:140,(anonymous_8)
FNF:9
FNH:3
FNDA:1,(anonymous_0)
FNDA:0,(anonymous_1)
FNDA:0,(anonymous_2)
FNDA:0,(anonymous_3)
FNDA:3,(anonymous_4)
FNDA:0,(anonymous_5)
FNDA:1,(anonymous_6)
FNDA:0,(anonymous_7)
FNDA:0,(anonymous_8)
DA:7,1
DA:8,1
DA:9,1
DA:10,1
DA:11,1
DA:15,0
DA:17,0
DA:18,0
DA:22,0
DA:23,0
DA:24,0
DA:26,0
DA:27,0
DA:29,0
DA:30,0
DA:31,0
DA:32,0
DA:33,0
DA:34,0
DA:35,0
DA:37,0
DA:38,0
DA:39,0
DA:40,0
DA:42,0
DA:43,0
DA:44,0
DA:46,0
DA:47,0
DA:48,0
DA:50,0
DA:51,0
DA:52,0
DA:53,0
DA:54,0
DA:56,0
DA:57,0
DA:58,0
DA:60,0
DA:61,0
DA:62,0
DA:63,0
DA:64,0
DA:65,0
DA:66,0
DA:67,0
DA:68,0
DA:69,0
DA:70,0
DA:71,0
DA:72,0
DA:73,0
DA:75,0
DA:76,0
DA:77,0
DA:79,0
DA:80,0
DA:81,0
DA:82,0
DA:84,0
DA:86,0
DA:87,0
DA:91,0
DA:92,0
DA:93,0
DA:94,0
DA:95,0
DA:97,0
DA:99,0
DA:103,1
DA:104,3
DA:106,3
DA:108,3
DA:109,3
DA:110,3
DA:113,1
DA:114,1
DA:115,1
DA:117,1
DA:119,1
DA:120,1
DA:121,1
DA:122,1
DA:123,1
DA:125,1
DA:126,0
DA:128,1
DA:130,1
DA:131,0
DA:132,0
DA:134,0
DA:135,0
DA:136,0
DA:141,0
DA:142,0
DA:143,0
DA:144,0
DA:146,0
DA:147,0
DA:148,0
DA:149,0
DA:150,0
LF:102
LH:23
BRDA:17,0,0,0
BRDA:17,0,1,0
BRDA:17,1,0,0
BRDA:17,1,1,0
BRDA:17,1,2,0
BRDA:23,2,0,0
BRDA:23,2,1,0
BRDA:23,3,0,0
BRDA:23,3,1,0
BRDA:94,4,0,0
BRDA:94,4,1,0
BRDA:94,5,0,0
BRDA:94,5,1,0
BRDA:106,6,0,0
BRDA:106,6,1,0
BRDA:125,7,0,0
BRDA:125,7,1,1
BRDA:131,8,0,0
BRDA:131,8,1,0
BRDA:131,9,0,0
BRDA:131,9,1,0
BRDA:143,10,0,0
BRDA:143,10,1,0
BRDA:143,11,0,0
BRDA:143,11,1,0
BRF:25
BRH:1
end_of_record
